#! /usr/bin/vvp
:ivl_version "11.0 (stable)";
:ivl_delay_selection "TYPICAL";
:vpi_time_precision + 0;
:vpi_module "/usr/lib/x86_64-linux-gnu/ivl/system.vpi";
:vpi_module "/usr/lib/x86_64-linux-gnu/ivl/vhdl_sys.vpi";
:vpi_module "/usr/lib/x86_64-linux-gnu/ivl/vhdl_textio.vpi";
:vpi_module "/usr/lib/x86_64-linux-gnu/ivl/v2005_math.vpi";
:vpi_module "/usr/lib/x86_64-linux-gnu/ivl/va_math.vpi";
S_0x562abaf2ff40 .scope module, "alu_tb" "alu_tb" 2 1;
 .timescale 0 0;
v0x562abaf5e670_0 .var "a", 31 0;
v0x562abaf5e750_0 .var "b", 31 0;
v0x562abaf5e820_0 .var "clk", 0 0;
v0x562abaf5e8f0_0 .var "opcode", 3 0;
v0x562abaf5e9c0_0 .net "out", 31 0, v0x562abaf5e4e0_0;  1 drivers
S_0x562abaf3e770 .scope module, "dut" "alu" 2 11, 3 1 0, S_0x562abaf2ff40;
 .timescale 0 0;
    .port_info 0 /INPUT 32 "a";
    .port_info 1 /INPUT 32 "b";
    .port_info 2 /INPUT 4 "opcode";
    .port_info 3 /OUTPUT 32 "out";
v0x562abaf03350_0 .net "a", 31 0, v0x562abaf5e670_0;  1 drivers
v0x562abaf03ba0_0 .net "b", 31 0, v0x562abaf5e750_0;  1 drivers
v0x562abaf5e3f0_0 .net "opcode", 3 0, v0x562abaf5e8f0_0;  1 drivers
v0x562abaf5e4e0_0 .var "out", 31 0;
E_0x562abaf023f0 .event edge, v0x562abaf5e3f0_0, v0x562abaf03350_0, v0x562abaf03ba0_0;
    .scope S_0x562abaf3e770;
T_0 ;
    %wait E_0x562abaf023f0;
    %load/vec4 v0x562abaf5e3f0_0;
    %dup/vec4;
    %pushi/vec4 0, 0, 4;
    %cmp/u;
    %jmp/1 T_0.0, 6;
    %dup/vec4;
    %pushi/vec4 1, 0, 4;
    %cmp/u;
    %jmp/1 T_0.1, 6;
    %dup/vec4;
    %pushi/vec4 6, 0, 4;
    %cmp/u;
    %jmp/1 T_0.2, 6;
    %dup/vec4;
    %pushi/vec4 7, 0, 4;
    %cmp/u;
    %jmp/1 T_0.3, 6;
    %pushi/vec4 0, 0, 32;
    %store/vec4 v0x562abaf5e4e0_0, 0, 32;
    %jmp T_0.5;
T_0.0 ;
    %load/vec4 v0x562abaf03350_0;
    %load/vec4 v0x562abaf03ba0_0;
    %add;
    %store/vec4 v0x562abaf5e4e0_0, 0, 32;
    %jmp T_0.5;
T_0.1 ;
    %load/vec4 v0x562abaf03350_0;
    %load/vec4 v0x562abaf03ba0_0;
    %sub;
    %store/vec4 v0x562abaf5e4e0_0, 0, 32;
    %jmp T_0.5;
T_0.2 ;
    %load/vec4 v0x562abaf03350_0;
    %load/vec4 v0x562abaf03ba0_0;
    %add;
    %store/vec4 v0x562abaf5e4e0_0, 0, 32;
    %jmp T_0.5;
T_0.3 ;
    %load/vec4 v0x562abaf03350_0;
    %load/vec4 v0x562abaf03ba0_0;
    %sub;
    %store/vec4 v0x562abaf5e4e0_0, 0, 32;
    %jmp T_0.5;
T_0.5 ;
    %pop/vec4 1;
    %jmp T_0;
    .thread T_0, $push;
    .scope S_0x562abaf3e770;
T_1 ;
    %wait E_0x562abaf023f0;
    %load/vec4 v0x562abaf5e3f0_0;
    %dup/vec4;
    %pushi/vec4 2, 0, 4;
    %cmp/u;
    %jmp/1 T_1.0, 6;
    %dup/vec4;
    %pushi/vec4 3, 0, 4;
    %cmp/u;
    %jmp/1 T_1.1, 6;
    %dup/vec4;
    %pushi/vec4 4, 0, 4;
    %cmp/u;
    %jmp/1 T_1.2, 6;
    %dup/vec4;
    %pushi/vec4 8, 0, 4;
    %cmp/u;
    %jmp/1 T_1.3, 6;
    %dup/vec4;
    %pushi/vec4 9, 0, 4;
    %cmp/u;
    %jmp/1 T_1.4, 6;
    %dup/vec4;
    %pushi/vec4 10, 0, 4;
    %cmp/u;
    %jmp/1 T_1.5, 6;
    %dup/vec4;
    %pushi/vec4 11, 0, 4;
    %cmp/u;
    %jmp/1 T_1.6, 6;
    %pushi/vec4 0, 0, 32;
    %store/vec4 v0x562abaf5e4e0_0, 0, 32;
    %jmp T_1.8;
T_1.0 ;
    %load/vec4 v0x562abaf03350_0;
    %load/vec4 v0x562abaf03ba0_0;
    %and;
    %store/vec4 v0x562abaf5e4e0_0, 0, 32;
    %jmp T_1.8;
T_1.1 ;
    %load/vec4 v0x562abaf03350_0;
    %load/vec4 v0x562abaf03ba0_0;
    %or;
    %store/vec4 v0x562abaf5e4e0_0, 0, 32;
    %jmp T_1.8;
T_1.2 ;
    %load/vec4 v0x562abaf03350_0;
    %load/vec4 v0x562abaf03ba0_0;
    %xor;
    %store/vec4 v0x562abaf5e4e0_0, 0, 32;
    %jmp T_1.8;
T_1.3 ;
    %load/vec4 v0x562abaf03350_0;
    %ix/getv 4, v0x562abaf03ba0_0;
    %shiftl 4;
    %store/vec4 v0x562abaf5e4e0_0, 0, 32;
    %jmp T_1.8;
T_1.4 ;
    %load/vec4 v0x562abaf03350_0;
    %ix/getv 4, v0x562abaf03ba0_0;
    %shiftr 4;
    %store/vec4 v0x562abaf5e4e0_0, 0, 32;
    %jmp T_1.8;
T_1.5 ;
    %load/vec4 v0x562abaf03350_0;
    %ix/getv 4, v0x562abaf03ba0_0;
    %shiftr 4;
    %store/vec4 v0x562abaf5e4e0_0, 0, 32;
    %jmp T_1.8;
T_1.6 ;
    %load/vec4 v0x562abaf03350_0;
    %inv;
    %store/vec4 v0x562abaf5e4e0_0, 0, 32;
    %jmp T_1.8;
T_1.8 ;
    %pop/vec4 1;
    %jmp T_1;
    .thread T_1, $push;
    .scope S_0x562abaf2ff40;
T_2 ;
    %pushi/vec4 0, 0, 1;
    %store/vec4 v0x562abaf5e820_0, 0, 1;
    %end;
    .thread T_2;
    .scope S_0x562abaf2ff40;
T_3 ;
    %delay 5, 0;
    %load/vec4 v0x562abaf5e820_0;
    %inv;
    %store/vec4 v0x562abaf5e820_0, 0, 1;
    %jmp T_3;
    .thread T_3;
    .scope S_0x562abaf2ff40;
T_4 ;
    %vpi_call 2 24 "$dumpfile", "alu.vcd" {0 0 0};
    %vpi_call 2 25 "$dumpvars", 32'sb00000000000000000000000000000000, S_0x562abaf2ff40 {0 0 0};
    %pushi/vec4 1, 0, 32;
    %store/vec4 v0x562abaf5e670_0, 0, 32;
    %pushi/vec4 2, 0, 32;
    %store/vec4 v0x562abaf5e750_0, 0, 32;
    %pushi/vec4 0, 0, 4;
    %store/vec4 v0x562abaf5e8f0_0, 0, 4;
    %delay 10, 0;
    %vpi_call 2 31 "$display", "ADD %h + %h = %h", v0x562abaf5e670_0, v0x562abaf5e750_0, v0x562abaf5e9c0_0 {0 0 0};
    %load/vec4 v0x562abaf5e9c0_0;
    %cmpi/e 3, 0, 32;
    %jmp/0xz  T_4.0, 4;
T_4.0 ;
    %pushi/vec4 3, 0, 32;
    %store/vec4 v0x562abaf5e670_0, 0, 32;
    %pushi/vec4 2, 0, 32;
    %store/vec4 v0x562abaf5e750_0, 0, 32;
    %pushi/vec4 1, 0, 4;
    %store/vec4 v0x562abaf5e8f0_0, 0, 4;
    %delay 10, 0;
    %vpi_call 2 39 "$display", "SUBTRACT %h - %h = %h", v0x562abaf5e670_0, v0x562abaf5e750_0, v0x562abaf5e9c0_0 {0 0 0};
    %load/vec4 v0x562abaf5e9c0_0;
    %cmpi/e 1, 0, 32;
    %jmp/0xz  T_4.2, 4;
T_4.2 ;
    %pushi/vec4 1431655765, 0, 32;
    %store/vec4 v0x562abaf5e670_0, 0, 32;
    %pushi/vec4 2863311530, 0, 32;
    %store/vec4 v0x562abaf5e750_0, 0, 32;
    %pushi/vec4 2, 0, 4;
    %store/vec4 v0x562abaf5e8f0_0, 0, 4;
    %delay 10, 0;
    %vpi_call 2 47 "$display", "AND %h & %h = %h", v0x562abaf5e670_0, v0x562abaf5e750_0, v0x562abaf5e9c0_0 {0 0 0};
    %load/vec4 v0x562abaf5e9c0_0;
    %cmpi/e 0, 0, 32;
    %jmp/0xz  T_4.4, 4;
T_4.4 ;
    %pushi/vec4 1431655765, 0, 32;
    %store/vec4 v0x562abaf5e670_0, 0, 32;
    %pushi/vec4 2863311530, 0, 32;
    %store/vec4 v0x562abaf5e750_0, 0, 32;
    %pushi/vec4 3, 0, 4;
    %store/vec4 v0x562abaf5e8f0_0, 0, 4;
    %delay 10, 0;
    %vpi_call 2 55 "$display", "OR %h | %h = %h", v0x562abaf5e670_0, v0x562abaf5e750_0, v0x562abaf5e9c0_0 {0 0 0};
    %load/vec4 v0x562abaf5e9c0_0;
    %cmpi/e 4294967295, 0, 32;
    %jmp/0xz  T_4.6, 4;
T_4.6 ;
    %pushi/vec4 1431655765, 0, 32;
    %store/vec4 v0x562abaf5e670_0, 0, 32;
    %pushi/vec4 2863311530, 0, 32;
    %store/vec4 v0x562abaf5e750_0, 0, 32;
    %pushi/vec4 4, 0, 4;
    %store/vec4 v0x562abaf5e8f0_0, 0, 4;
    %delay 10, 0;
    %vpi_call 2 63 "$display", "XOR %h ^ %h = %h", v0x562abaf5e670_0, v0x562abaf5e750_0, v0x562abaf5e9c0_0 {0 0 0};
    %load/vec4 v0x562abaf5e9c0_0;
    %cmpi/e 2863311530, 0, 32;
    %jmp/0xz  T_4.8, 4;
T_4.8 ;
    %pushi/vec4 1, 0, 32;
    %store/vec4 v0x562abaf5e670_0, 0, 32;
    %pushi/vec4 5, 0, 32;
    %store/vec4 v0x562abaf5e750_0, 0, 32;
    %pushi/vec4 8, 0, 4;
    %store/vec4 v0x562abaf5e8f0_0, 0, 4;
    %delay 10, 0;
    %vpi_call 2 71 "$display", "LEFT SHIFT %h << %d = %h", v0x562abaf5e670_0, v0x562abaf5e750_0, v0x562abaf5e9c0_0 {0 0 0};
    %load/vec4 v0x562abaf5e9c0_0;
    %cmpi/e 32, 0, 32;
    %jmp/0xz  T_4.10, 4;
T_4.10 ;
    %pushi/vec4 32, 0, 32;
    %store/vec4 v0x562abaf5e670_0, 0, 32;
    %pushi/vec4 5, 0, 32;
    %store/vec4 v0x562abaf5e750_0, 0, 32;
    %pushi/vec4 9, 0, 4;
    %store/vec4 v0x562abaf5e8f0_0, 0, 4;
    %delay 10, 0;
    %vpi_call 2 79 "$display", "RIGHT SHIFT %h >> %d = %h", v0x562abaf5e670_0, v0x562abaf5e750_0, v0x562abaf5e9c0_0 {0 0 0};
    %load/vec4 v0x562abaf5e9c0_0;
    %cmpi/e 4, 0, 32;
    %jmp/0xz  T_4.12, 4;
T_4.12 ;
    %pushi/vec4 2147483648, 0, 32;
    %store/vec4 v0x562abaf5e670_0, 0, 32;
    %pushi/vec4 5, 0, 32;
    %store/vec4 v0x562abaf5e750_0, 0, 32;
    %pushi/vec4 10, 0, 4;
    %store/vec4 v0x562abaf5e8f0_0, 0, 4;
    %delay 10, 0;
    %vpi_call 2 87 "$display", "UNSIGNED RIGHT SHIFT %h >>> %d = %h", v0x562abaf5e670_0, v0x562abaf5e750_0, v0x562abaf5e9c0_0 {0 0 0};
    %load/vec4 v0x562abaf5e9c0_0;
    %cmpi/e 16, 0, 32;
    %jmp/0xz  T_4.14, 4;
T_4.14 ;
    %pushi/vec4 1, 0, 32;
    %store/vec4 v0x562abaf5e670_0, 0, 32;
    %pushi/vec4 11, 0, 4;
    %store/vec4 v0x562abaf5e8f0_0, 0, 4;
    %delay 10, 0;
    %vpi_call 2 94 "$display", "NOT ~%h = %h", v0x562abaf5e670_0, v0x562abaf5e9c0_0 {0 0 0};
    %load/vec4 v0x562abaf5e9c0_0;
    %cmpi/e 4294967294, 0, 32;
    %jmp/0xz  T_4.16, 4;
T_4.16 ;
    %vpi_call 2 97 "$finish" {0 0 0};
    %end;
    .thread T_4;
# The file index is used to find the file name in the following table.
:file_names 4;
    "N/A";
    "<interactive>";
    "alu_tb.v";
    "alu.v";
